<?xml version="1.0" encoding="UTF-8"?>
<coverage generated="1779695278846" clover="3.2.0">
  <project timestamp="1779695278846" name="All files">
    <metrics statements="53" coveredstatements="53" conditionals="71" coveredconditionals="71" methods="5" coveredmethods="5" elements="129" coveredelements="129" complexity="0" loc="53" ncloc="53" packages="1" files="4" classes="4"/>
    <file name="events.ts" path="/Users/mike/work/workspace-lazar/pixler/packages/orchestrator/src/events.ts">
      <metrics statements="0" coveredstatements="0" conditionals="0" coveredconditionals="0" methods="0" coveredmethods="0"/>
    </file>
    <file name="loop-limit.ts" path="/Users/mike/work/workspace-lazar/pixler/packages/orchestrator/src/loop-limit.ts">
      <metrics statements="5" coveredstatements="5" conditionals="0" coveredconditionals="0" methods="2" coveredmethods="2"/>
      <line num="1" count="1" type="stmt"/>
      <line num="2" count="1" type="stmt"/>
      <line num="3" count="1" type="stmt"/>
      <line num="6" count="53" type="stmt"/>
      <line num="10" count="4" type="stmt"/>
    </file>
    <file name="machine.ts" path="/Users/mike/work/workspace-lazar/pixler/packages/orchestrator/src/machine.ts">
      <metrics statements="45" coveredstatements="45" conditionals="71" coveredconditionals="71" methods="3" coveredmethods="3"/>
      <line num="32" count="49" type="stmt"/>
      <line num="44" count="43" type="cond" truecount="1" falsecount="0"/>
      <line num="50" count="43" type="cond" truecount="15" falsecount="0"/>
      <line num="52" count="3" type="cond" truecount="5" falsecount="0"/>
      <line num="53" count="1" type="stmt"/>
      <line num="55" count="2" type="stmt"/>
      <line num="62" count="2" type="cond" truecount="2" falsecount="0"/>
      <line num="63" count="1" type="stmt"/>
      <line num="70" count="3" type="cond" truecount="2" falsecount="0"/>
      <line num="71" count="2" type="cond" truecount="2" falsecount="0"/>
      <line num="72" count="1" type="stmt"/>
      <line num="77" count="1" type="stmt"/>
      <line num="84" count="3" type="cond" truecount="2" falsecount="0"/>
      <line num="85" count="2" type="stmt"/>
      <line num="86" count="2" type="cond" truecount="2" falsecount="0"/>
      <line num="87" count="1" type="stmt"/>
      <line num="92" count="1" type="stmt"/>
      <line num="99" count="2" type="cond" truecount="2" falsecount="0"/>
      <line num="100" count="1" type="stmt"/>
      <line num="107" count="2" type="cond" truecount="2" falsecount="0"/>
      <line num="108" count="1" type="stmt"/>
      <line num="115" count="2" type="cond" truecount="2" falsecount="0"/>
      <line num="116" count="1" type="stmt"/>
      <line num="123" count="4" type="cond" truecount="2" falsecount="0"/>
      <line num="124" count="3" type="cond" truecount="2" falsecount="0"/>
      <line num="125" count="2" type="cond" truecount="2" falsecount="0"/>
      <line num="126" count="1" type="stmt"/>
      <line num="131" count="1" type="stmt"/>
      <line num="136" count="1" type="stmt"/>
      <line num="143" count="3" type="cond" truecount="2" falsecount="0"/>
      <line num="144" count="2" type="cond" truecount="2" falsecount="0"/>
      <line num="145" count="1" type="stmt"/>
      <line num="150" count="1" type="stmt"/>
      <line num="157" count="2" type="cond" truecount="2" falsecount="0"/>
      <line num="158" count="1" type="stmt"/>
      <line num="165" count="2" type="cond" truecount="2" falsecount="0"/>
      <line num="166" count="1" type="stmt"/>
      <line num="173" count="2" type="cond" truecount="2" falsecount="0"/>
      <line num="174" count="1" type="stmt"/>
      <line num="181" count="7" type="cond" truecount="5" falsecount="0"/>
      <line num="182" count="3" type="stmt"/>
      <line num="184" count="4" type="stmt"/>
      <line num="191" count="2" type="cond" truecount="2" falsecount="0"/>
      <line num="192" count="1" type="stmt"/>
      <line num="199" count="4" type="stmt"/>
    </file>
    <file name="states.ts" path="/Users/mike/work/workspace-lazar/pixler/packages/orchestrator/src/states.ts">
      <metrics statements="3" coveredstatements="3" conditionals="0" coveredconditionals="0" methods="0" coveredmethods="0"/>
      <line num="15" count="1" type="stmt"/>
      <line num="17" count="1" type="stmt"/>
      <line num="24" count="1" type="stmt"/>
    </file>
  </project>
</coverage>
