{"/Users/mike/work/workspace-lazar/pixler/packages/orchestrator/src/events.ts": {"path":"/Users/mike/work/workspace-lazar/pixler/packages/orchestrator/src/events.ts","statementMap":{},"fnMap":{},"branchMap":{},"s":{},"f":{},"b":{},"meta":{"lastBranch":0,"lastFunction":0,"lastStatement":0,"seen":{}}}
,"/Users/mike/work/workspace-lazar/pixler/packages/orchestrator/src/loop-limit.ts": {"path":"/Users/mike/work/workspace-lazar/pixler/packages/orchestrator/src/loop-limit.ts","statementMap":{"0":{"start":{"line":1,"column":38},"end":{"line":1,"column":null}},"1":{"start":{"line":2,"column":34},"end":{"line":2,"column":null}},"2":{"start":{"line":3,"column":34},"end":{"line":3,"column":null}},"3":{"start":{"line":6,"column":2},"end":{"line":6,"column":null}},"4":{"start":{"line":10,"column":2},"end":{"line":10,"column":null}}},"fnMap":{"0":{"name":"clampMaxRejections","decl":{"start":{"line":5,"column":16},"end":{"line":5,"column":35}},"loc":{"start":{"line":5,"column":54},"end":{"line":7,"column":null}},"line":5},"1":{"name":"isAtLimit","decl":{"start":{"line":9,"column":16},"end":{"line":9,"column":26}},"loc":{"start":{"line":9,"column":82},"end":{"line":11,"column":null}},"line":9}},"branchMap":{},"s":{"0":1,"1":1,"2":1,"3":53,"4":4},"f":{"0":53,"1":4},"b":{},"meta":{"lastBranch":0,"lastFunction":2,"lastStatement":5,"seen":{"s:1:38:1:Infinity":0,"s:2:34:2:Infinity":1,"s:3:34:3:Infinity":2,"f:5:16:5:35":0,"s:6:2:6:Infinity":3,"f:9:16:9:26":1,"s:10:2:10:Infinity":4}}}
,"/Users/mike/work/workspace-lazar/pixler/packages/orchestrator/src/machine.ts": {"path":"/Users/mike/work/workspace-lazar/pixler/packages/orchestrator/src/machine.ts","statementMap":{"0":{"start":{"line":32,"column":2},"end":{"line":40,"column":null}},"1":{"start":{"line":44,"column":15},"end":{"line":48,"column":null}},"2":{"start":{"line":44,"column":92},"end":{"line":48,"column":null}},"3":{"start":{"line":50,"column":2},"end":{"line":210,"column":null}},"4":{"start":{"line":52,"column":6},"end":{"line":54,"column":null}},"5":{"start":{"line":53,"column":8},"end":{"line":53,"column":null}},"6":{"start":{"line":55,"column":6},"end":{"line":58,"column":null}},"7":{"start":{"line":62,"column":6},"end":{"line":62,"column":null}},"8":{"start":{"line":62,"column":36},"end":{"line":62,"column":null}},"9":{"start":{"line":63,"column":6},"end":{"line":66,"column":null}},"10":{"start":{"line":70,"column":6},"end":{"line":70,"column":null}},"11":{"start":{"line":70,"column":37},"end":{"line":70,"column":null}},"12":{"start":{"line":71,"column":6},"end":{"line":76,"column":null}},"13":{"start":{"line":72,"column":8},"end":{"line":75,"column":null}},"14":{"start":{"line":77,"column":6},"end":{"line":80,"column":null}},"15":{"start":{"line":84,"column":6},"end":{"line":84,"column":null}},"16":{"start":{"line":84,"column":37},"end":{"line":84,"column":null}},"17":{"start":{"line":85,"column":23},"end":{"line":85,"column":null}},"18":{"start":{"line":86,"column":6},"end":{"line":91,"column":null}},"19":{"start":{"line":87,"column":8},"end":{"line":90,"column":null}},"20":{"start":{"line":92,"column":6},"end":{"line":95,"column":null}},"21":{"start":{"line":99,"column":6},"end":{"line":99,"column":null}},"22":{"start":{"line":99,"column":50},"end":{"line":99,"column":null}},"23":{"start":{"line":100,"column":6},"end":{"line":103,"column":null}},"24":{"start":{"line":107,"column":6},"end":{"line":107,"column":null}},"25":{"start":{"line":107,"column":50},"end":{"line":107,"column":null}},"26":{"start":{"line":108,"column":6},"end":{"line":111,"column":null}},"27":{"start":{"line":115,"column":6},"end":{"line":115,"column":null}},"28":{"start":{"line":115,"column":37},"end":{"line":115,"column":null}},"29":{"start":{"line":116,"column":6},"end":{"line":119,"column":null}},"30":{"start":{"line":123,"column":6},"end":{"line":123,"column":null}},"31":{"start":{"line":123,"column":38},"end":{"line":123,"column":null}},"32":{"start":{"line":124,"column":6},"end":{"line":135,"column":null}},"33":{"start":{"line":125,"column":8},"end":{"line":130,"column":null}},"34":{"start":{"line":126,"column":10},"end":{"line":129,"column":null}},"35":{"start":{"line":131,"column":8},"end":{"line":134,"column":null}},"36":{"start":{"line":136,"column":6},"end":{"line":139,"column":null}},"37":{"start":{"line":143,"column":6},"end":{"line":143,"column":null}},"38":{"start":{"line":143,"column":56},"end":{"line":143,"column":null}},"39":{"start":{"line":144,"column":6},"end":{"line":149,"column":null}},"40":{"start":{"line":145,"column":8},"end":{"line":148,"column":null}},"41":{"start":{"line":150,"column":6},"end":{"line":153,"column":null}},"42":{"start":{"line":157,"column":6},"end":{"line":157,"column":null}},"43":{"start":{"line":157,"column":56},"end":{"line":157,"column":null}},"44":{"start":{"line":158,"column":6},"end":{"line":161,"column":null}},"45":{"start":{"line":165,"column":6},"end":{"line":165,"column":null}},"46":{"start":{"line":165,"column":48},"end":{"line":165,"column":null}},"47":{"start":{"line":166,"column":6},"end":{"line":169,"column":null}},"48":{"start":{"line":173,"column":6},"end":{"line":173,"column":null}},"49":{"start":{"line":173,"column":35},"end":{"line":173,"column":null}},"50":{"start":{"line":174,"column":6},"end":{"line":177,"column":null}},"51":{"start":{"line":181,"column":6},"end":{"line":183,"column":null}},"52":{"start":{"line":182,"column":8},"end":{"line":182,"column":null}},"53":{"start":{"line":184,"column":6},"end":{"line":187,"column":null}},"54":{"start":{"line":191,"column":6},"end":{"line":191,"column":null}},"55":{"start":{"line":191,"column":34},"end":{"line":191,"column":null}},"56":{"start":{"line":192,"column":6},"end":{"line":195,"column":null}},"57":{"start":{"line":199,"column":6},"end":{"line":202,"column":null}}},"fnMap":{"0":{"name":"createMachine","decl":{"start":{"line":31,"column":16},"end":{"line":31,"column":30}},"loc":{"start":{"line":31,"column":73},"end":{"line":41,"column":null}},"line":31},"1":{"name":"step","decl":{"start":{"line":43,"column":16},"end":{"line":43,"column":21}},"loc":{"start":{"line":43,"column":75},"end":{"line":211,"column":null}},"line":43},"2":{"name":"(anonymous_2)","decl":{"start":{"line":44,"column":15},"end":{"line":44,"column":16}},"loc":{"start":{"line":44,"column":92},"end":{"line":48,"column":null}},"line":44}},"branchMap":{"0":{"loc":{"start":{"line":31,"column":30},"end":{"line":31,"column":73}},"type":"default-arg","locations":[{"start":{"line":31,"column":53},"end":{"line":31,"column":73}}],"line":31},"1":{"loc":{"start":{"line":35,"column":38},"end":{"line":35,"column":82}},"type":"binary-expr","locations":[{"start":{"line":35,"column":38},"end":{"line":35,"column":60}},{"start":{"line":35,"column":60},"end":{"line":35,"column":82}}],"line":35},"2":{"loc":{"start":{"line":36,"column":21},"end":{"line":36,"column":null}},"type":"binary-expr","locations":[{"start":{"line":36,"column":21},"end":{"line":36,"column":45}},{"start":{"line":36,"column":45},"end":{"line":36,"column":null}}],"line":36},"3":{"loc":{"start":{"line":37,"column":27},"end":{"line":37,"column":null}},"type":"binary-expr","locations":[{"start":{"line":37,"column":27},"end":{"line":37,"column":57}},{"start":{"line":37,"column":57},"end":{"line":37,"column":null}}],"line":37},"4":{"loc":{"start":{"line":38,"column":19},"end":{"line":38,"column":null}},"type":"binary-expr","locations":[{"start":{"line":38,"column":19},"end":{"line":38,"column":41}},{"start":{"line":38,"column":41},"end":{"line":38,"column":null}}],"line":38},"5":{"loc":{"start":{"line":44,"column":35},"end":{"line":44,"column":92}},"type":"default-arg","locations":[{"start":{"line":44,"column":68},"end":{"line":44,"column":92}}],"line":44},"6":{"loc":{"start":{"line":50,"column":2},"end":{"line":210,"column":null}},"type":"switch","locations":[{"start":{"line":51,"column":4},"end":{"line":59,"column":null}},{"start":{"line":61,"column":4},"end":{"line":67,"column":null}},{"start":{"line":69,"column":4},"end":{"line":81,"column":null}},{"start":{"line":83,"column":4},"end":{"line":96,"column":null}},{"start":{"line":98,"column":4},"end":{"line":104,"column":null}},{"start":{"line":106,"column":4},"end":{"line":112,"column":null}},{"start":{"line":114,"column":4},"end":{"line":120,"column":null}},{"start":{"line":122,"column":4},"end":{"line":140,"column":null}},{"start":{"line":142,"column":4},"end":{"line":154,"column":null}},{"start":{"line":156,"column":4},"end":{"line":162,"column":null}},{"start":{"line":164,"column":4},"end":{"line":170,"column":null}},{"start":{"line":172,"column":4},"end":{"line":178,"column":null}},{"start":{"line":180,"column":4},"end":{"line":188,"column":null}},{"start":{"line":190,"column":4},"end":{"line":196,"column":null}},{"start":{"line":198,"column":4},"end":{"line":203,"column":null}}],"line":50},"7":{"loc":{"start":{"line":52,"column":6},"end":{"line":54,"column":null}},"type":"if","locations":[{"start":{"line":52,"column":6},"end":{"line":54,"column":null}},{"start":{},"end":{}}],"line":52},"8":{"loc":{"start":{"line":52,"column":10},"end":{"line":52,"column":83}},"type":"binary-expr","locations":[{"start":{"line":52,"column":10},"end":{"line":52,"column":34}},{"start":{"line":52,"column":34},"end":{"line":52,"column":60}},{"start":{"line":52,"column":60},"end":{"line":52,"column":83}}],"line":52},"9":{"loc":{"start":{"line":56,"column":46},"end":{"line":56,"column":78}},"type":"binary-expr","locations":[{"start":{"line":56,"column":46},"end":{"line":56,"column":64}},{"start":{"line":56,"column":64},"end":{"line":56,"column":78}}],"line":56},"10":{"loc":{"start":{"line":62,"column":6},"end":{"line":62,"column":null}},"type":"if","locations":[{"start":{"line":62,"column":6},"end":{"line":62,"column":null}},{"start":{},"end":{}}],"line":62},"11":{"loc":{"start":{"line":70,"column":6},"end":{"line":70,"column":null}},"type":"if","locations":[{"start":{"line":70,"column":6},"end":{"line":70,"column":null}},{"start":{},"end":{}}],"line":70},"12":{"loc":{"start":{"line":71,"column":6},"end":{"line":76,"column":null}},"type":"if","locations":[{"start":{"line":71,"column":6},"end":{"line":76,"column":null}},{"start":{},"end":{}}],"line":71},"13":{"loc":{"start":{"line":84,"column":6},"end":{"line":84,"column":null}},"type":"if","locations":[{"start":{"line":84,"column":6},"end":{"line":84,"column":null}},{"start":{},"end":{}}],"line":84},"14":{"loc":{"start":{"line":86,"column":6},"end":{"line":91,"column":null}},"type":"if","locations":[{"start":{"line":86,"column":6},"end":{"line":91,"column":null}},{"start":{},"end":{}}],"line":86},"15":{"loc":{"start":{"line":99,"column":6},"end":{"line":99,"column":null}},"type":"if","locations":[{"start":{"line":99,"column":6},"end":{"line":99,"column":null}},{"start":{},"end":{}}],"line":99},"16":{"loc":{"start":{"line":107,"column":6},"end":{"line":107,"column":null}},"type":"if","locations":[{"start":{"line":107,"column":6},"end":{"line":107,"column":null}},{"start":{},"end":{}}],"line":107},"17":{"loc":{"start":{"line":115,"column":6},"end":{"line":115,"column":null}},"type":"if","locations":[{"start":{"line":115,"column":6},"end":{"line":115,"column":null}},{"start":{},"end":{}}],"line":115},"18":{"loc":{"start":{"line":123,"column":6},"end":{"line":123,"column":null}},"type":"if","locations":[{"start":{"line":123,"column":6},"end":{"line":123,"column":null}},{"start":{},"end":{}}],"line":123},"19":{"loc":{"start":{"line":124,"column":6},"end":{"line":135,"column":null}},"type":"if","locations":[{"start":{"line":124,"column":6},"end":{"line":135,"column":null}},{"start":{},"end":{}}],"line":124},"20":{"loc":{"start":{"line":125,"column":8},"end":{"line":130,"column":null}},"type":"if","locations":[{"start":{"line":125,"column":8},"end":{"line":130,"column":null}},{"start":{},"end":{}}],"line":125},"21":{"loc":{"start":{"line":143,"column":6},"end":{"line":143,"column":null}},"type":"if","locations":[{"start":{"line":143,"column":6},"end":{"line":143,"column":null}},{"start":{},"end":{}}],"line":143},"22":{"loc":{"start":{"line":144,"column":6},"end":{"line":149,"column":null}},"type":"if","locations":[{"start":{"line":144,"column":6},"end":{"line":149,"column":null}},{"start":{},"end":{}}],"line":144},"23":{"loc":{"start":{"line":157,"column":6},"end":{"line":157,"column":null}},"type":"if","locations":[{"start":{"line":157,"column":6},"end":{"line":157,"column":null}},{"start":{},"end":{}}],"line":157},"24":{"loc":{"start":{"line":165,"column":6},"end":{"line":165,"column":null}},"type":"if","locations":[{"start":{"line":165,"column":6},"end":{"line":165,"column":null}},{"start":{},"end":{}}],"line":165},"25":{"loc":{"start":{"line":173,"column":6},"end":{"line":173,"column":null}},"type":"if","locations":[{"start":{"line":173,"column":6},"end":{"line":173,"column":null}},{"start":{},"end":{}}],"line":173},"26":{"loc":{"start":{"line":181,"column":6},"end":{"line":183,"column":null}},"type":"if","locations":[{"start":{"line":181,"column":6},"end":{"line":183,"column":null}},{"start":{},"end":{}}],"line":181},"27":{"loc":{"start":{"line":181,"column":10},"end":{"line":181,"column":82}},"type":"binary-expr","locations":[{"start":{"line":181,"column":10},"end":{"line":181,"column":34}},{"start":{"line":181,"column":34},"end":{"line":181,"column":58}},{"start":{"line":181,"column":58},"end":{"line":181,"column":82}}],"line":181},"28":{"loc":{"start":{"line":191,"column":6},"end":{"line":191,"column":null}},"type":"if","locations":[{"start":{"line":191,"column":6},"end":{"line":191,"column":null}},{"start":{},"end":{}}],"line":191}},"s":{"0":49,"1":43,"2":27,"3":43,"4":3,"5":1,"6":2,"7":2,"8":1,"9":1,"10":3,"11":1,"12":2,"13":1,"14":1,"15":3,"16":1,"17":2,"18":2,"19":1,"20":1,"21":2,"22":1,"23":1,"24":2,"25":1,"26":1,"27":2,"28":1,"29":1,"30":4,"31":1,"32":3,"33":2,"34":1,"35":1,"36":1,"37":3,"38":1,"39":2,"40":1,"41":1,"42":2,"43":1,"44":1,"45":2,"46":1,"47":1,"48":2,"49":1,"50":1,"51":7,"52":3,"53":4,"54":2,"55":1,"56":1,"57":4},"f":{"0":49,"1":43,"2":27},"b":{"0":[49],"1":[49,47],"2":[49,47],"3":[49,46],"4":[49,46],"5":[27],"6":[3,2,3,3,2,2,2,4,3,2,2,2,7,2,4],"7":[1,2],"8":[3,2,2],"9":[2,1],"10":[1,1],"11":[1,2],"12":[1,1],"13":[1,2],"14":[1,1],"15":[1,1],"16":[1,1],"17":[1,1],"18":[1,3],"19":[2,1],"20":[1,1],"21":[1,2],"22":[1,1],"23":[1,1],"24":[1,1],"25":[1,1],"26":[3,4],"27":[7,6,5],"28":[1,1]},"meta":{"lastBranch":29,"lastFunction":3,"lastStatement":58,"seen":{"f:31:16:31:30":0,"b:31:53:31:73":0,"s:32:2:40:Infinity":0,"b:35:38:35:60:35:60:35:82":1,"b:36:21:36:45:36:45:36:Infinity":2,"b:37:27:37:57:37:57:37:Infinity":3,"b:38:19:38:41:38:41:38:Infinity":4,"f:43:16:43:21":1,"s:44:15:48:Infinity":1,"f:44:15:44:16":2,"s:44:92:48:Infinity":2,"b:44:68:44:92":5,"b:51:4:59:Infinity:61:4:67:Infinity:69:4:81:Infinity:83:4:96:Infinity:98:4:104:Infinity:106:4:112:Infinity:114:4:120:Infinity:122:4:140:Infinity:142:4:154:Infinity:156:4:162:Infinity:164:4:170:Infinity:172:4:178:Infinity:180:4:188:Infinity:190:4:196:Infinity:198:4:203:Infinity":6,"s:50:2:210:Infinity":3,"b:52:6:54:Infinity:undefined:undefined:undefined:undefined":7,"s:52:6:54:Infinity":4,"b:52:10:52:34:52:34:52:60:52:60:52:83":8,"s:53:8:53:Infinity":5,"s:55:6:58:Infinity":6,"b:56:46:56:64:56:64:56:78":9,"b:62:6:62:Infinity:undefined:undefined:undefined:undefined":10,"s:62:6:62:Infinity":7,"s:62:36:62:Infinity":8,"s:63:6:66:Infinity":9,"b:70:6:70:Infinity:undefined:undefined:undefined:undefined":11,"s:70:6:70:Infinity":10,"s:70:37:70:Infinity":11,"b:71:6:76:Infinity:undefined:undefined:undefined:undefined":12,"s:71:6:76:Infinity":12,"s:72:8:75:Infinity":13,"s:77:6:80:Infinity":14,"b:84:6:84:Infinity:undefined:undefined:undefined:undefined":13,"s:84:6:84:Infinity":15,"s:84:37:84:Infinity":16,"s:85:23:85:Infinity":17,"b:86:6:91:Infinity:undefined:undefined:undefined:undefined":14,"s:86:6:91:Infinity":18,"s:87:8:90:Infinity":19,"s:92:6:95:Infinity":20,"b:99:6:99:Infinity:undefined:undefined:undefined:undefined":15,"s:99:6:99:Infinity":21,"s:99:50:99:Infinity":22,"s:100:6:103:Infinity":23,"b:107:6:107:Infinity:undefined:undefined:undefined:undefined":16,"s:107:6:107:Infinity":24,"s:107:50:107:Infinity":25,"s:108:6:111:Infinity":26,"b:115:6:115:Infinity:undefined:undefined:undefined:undefined":17,"s:115:6:115:Infinity":27,"s:115:37:115:Infinity":28,"s:116:6:119:Infinity":29,"b:123:6:123:Infinity:undefined:undefined:undefined:undefined":18,"s:123:6:123:Infinity":30,"s:123:38:123:Infinity":31,"b:124:6:135:Infinity:undefined:undefined:undefined:undefined":19,"s:124:6:135:Infinity":32,"b:125:8:130:Infinity:undefined:undefined:undefined:undefined":20,"s:125:8:130:Infinity":33,"s:126:10:129:Infinity":34,"s:131:8:134:Infinity":35,"s:136:6:139:Infinity":36,"b:143:6:143:Infinity:undefined:undefined:undefined:undefined":21,"s:143:6:143:Infinity":37,"s:143:56:143:Infinity":38,"b:144:6:149:Infinity:undefined:undefined:undefined:undefined":22,"s:144:6:149:Infinity":39,"s:145:8:148:Infinity":40,"s:150:6:153:Infinity":41,"b:157:6:157:Infinity:undefined:undefined:undefined:undefined":23,"s:157:6:157:Infinity":42,"s:157:56:157:Infinity":43,"s:158:6:161:Infinity":44,"b:165:6:165:Infinity:undefined:undefined:undefined:undefined":24,"s:165:6:165:Infinity":45,"s:165:48:165:Infinity":46,"s:166:6:169:Infinity":47,"b:173:6:173:Infinity:undefined:undefined:undefined:undefined":25,"s:173:6:173:Infinity":48,"s:173:35:173:Infinity":49,"s:174:6:177:Infinity":50,"b:181:6:183:Infinity:undefined:undefined:undefined:undefined":26,"s:181:6:183:Infinity":51,"b:181:10:181:34:181:34:181:58:181:58:181:82":27,"s:182:8:182:Infinity":52,"s:184:6:187:Infinity":53,"b:191:6:191:Infinity:undefined:undefined:undefined:undefined":28,"s:191:6:191:Infinity":54,"s:191:34:191:Infinity":55,"s:192:6:195:Infinity":56,"s:199:6:202:Infinity":57}}}
,"/Users/mike/work/workspace-lazar/pixler/packages/orchestrator/src/states.ts": {"path":"/Users/mike/work/workspace-lazar/pixler/packages/orchestrator/src/states.ts","statementMap":{"0":{"start":{"line":15,"column":31},"end":{"line":15,"column":null}},"1":{"start":{"line":17,"column":36},"end":{"line":22,"column":null}},"2":{"start":{"line":24,"column":27},"end":{"line":28,"column":null}}},"fnMap":{},"branchMap":{},"s":{"0":1,"1":1,"2":1},"f":{},"b":{},"meta":{"lastBranch":0,"lastFunction":0,"lastStatement":3,"seen":{"s:15:31:15:Infinity":0,"s:17:36:22:Infinity":1,"s:24:27:28:Infinity":2}}}
}
